<?xml version="1.0" encoding="UTF-8"?>
<testsuite xmlns:xsi="http://www.w3.org/2001/XMLSchema-instance" xsi:noNamespaceSchemaLocation="https://maven.apache.org/surefire/maven-surefire-plugin/xsd/surefire-test-report.xsd" name="oop.ica.element2.stockcontrolapp.test.StockControlAppUnitTest" time="34.893" tests="10" errors="0" skipped="0" failures="0">
  <properties>
    <property name="sun.desktop" value="windows"/>
    <property name="awt.toolkit" value="sun.awt.windows.WToolkit"/>
    <property name="java.specification.version" value="12"/>
    <property name="sun.cpu.isalist" value="amd64"/>
    <property name="sun.jnu.encoding" value="Cp1252"/>
    <property name="java.class.path" value="C:\Users\Mylaptop\Documents\NetBeansProjects\OOP-ICA-ELEMENT2-STOCK-CONTORL-APP\target\test-classes;C:\Users\Mylaptop\Documents\NetBeansProjects\OOP-ICA-ELEMENT2-STOCK-CONTORL-APP\target\classes;C:\Users\Mylaptop\.m2\repository\com\opencsv\opencsv\4.1\opencsv-4.1.jar;C:\Users\Mylaptop\.m2\repository\org\apache\commons\commons-lang3\3.6\commons-lang3-3.6.jar;C:\Users\Mylaptop\.m2\repository\org\apache\commons\commons-text\1.1\commons-text-1.1.jar;C:\Users\Mylaptop\.m2\repository\commons-beanutils\commons-beanutils\1.9.3\commons-beanutils-1.9.3.jar;C:\Users\Mylaptop\.m2\repository\commons-logging\commons-logging\1.2\commons-logging-1.2.jar;C:\Users\Mylaptop\.m2\repository\commons-collections\commons-collections\3.2.2\commons-collections-3.2.2.jar;C:\Users\Mylaptop\.m2\repository\org\junit\jupiter\junit-jupiter-api\5.6.0\junit-jupiter-api-5.6.0.jar;C:\Users\Mylaptop\.m2\repository\org\apiguardian\apiguardian-api\1.1.0\apiguardian-api-1.1.0.jar;C:\Users\Mylaptop\.m2\repository\org\opentest4j\opentest4j\1.2.0\opentest4j-1.2.0.jar;C:\Users\Mylaptop\.m2\repository\org\junit\platform\junit-platform-commons\1.6.0\junit-platform-commons-1.6.0.jar;C:\Users\Mylaptop\.m2\repository\org\junit\jupiter\junit-jupiter-params\5.6.0\junit-jupiter-params-5.6.0.jar;C:\Users\Mylaptop\.m2\repository\org\junit\jupiter\junit-jupiter-engine\5.6.0\junit-jupiter-engine-5.6.0.jar;C:\Users\Mylaptop\.m2\repository\org\junit\platform\junit-platform-engine\1.6.0\junit-platform-engine-1.6.0.jar;C:\Users\Mylaptop\.m2\repository\junit\junit\3.8.2\junit-3.8.2.jar;"/>
    <property name="java.vm.vendor" value="Oracle Corporation"/>
    <property name="sun.arch.data.model" value="64"/>
    <property name="user.variant" value=""/>
    <property name="java.vendor.url" value="https://java.oracle.com/"/>
    <property name="user.timezone" value="Asia/Calcutta"/>
    <property name="os.name" value="Windows 10"/>
    <property name="java.vm.specification.version" value="12"/>
    <property name="user.country" value="IN"/>
    <property name="sun.java.launcher" value="SUN_STANDARD"/>
    <property name="sun.boot.library.path" value="C:\Program Files\Java\jdk-12.0.1\bin"/>
    <property name="sun.java.command" value="C:\Users\Mylaptop\AppData\Local\Temp\surefire691118141735263787\surefirebooter3510713061884490056.jar C:\Users\Mylaptop\AppData\Local\Temp\surefire691118141735263787 2022-05-10T00-22-27_274-jvmRun1 surefire16377107686129439098tmp surefire_015318929187223784713tmp"/>
    <property name="jdk.debug" value="release"/>
    <property name="test" value="oop.ica.element2.stockcontrolapp.test.StockControlAppUnitTest"/>
    <property name="surefire.test.class.path" value="C:\Users\Mylaptop\Documents\NetBeansProjects\OOP-ICA-ELEMENT2-STOCK-CONTORL-APP\target\test-classes;C:\Users\Mylaptop\Documents\NetBeansProjects\OOP-ICA-ELEMENT2-STOCK-CONTORL-APP\target\classes;C:\Users\Mylaptop\.m2\repository\com\opencsv\opencsv\4.1\opencsv-4.1.jar;C:\Users\Mylaptop\.m2\repository\org\apache\commons\commons-lang3\3.6\commons-lang3-3.6.jar;C:\Users\Mylaptop\.m2\repository\org\apache\commons\commons-text\1.1\commons-text-1.1.jar;C:\Users\Mylaptop\.m2\repository\commons-beanutils\commons-beanutils\1.9.3\commons-beanutils-1.9.3.jar;C:\Users\Mylaptop\.m2\repository\commons-logging\commons-logging\1.2\commons-logging-1.2.jar;C:\Users\Mylaptop\.m2\repository\commons-collections\commons-collections\3.2.2\commons-collections-3.2.2.jar;C:\Users\Mylaptop\.m2\repository\org\junit\jupiter\junit-jupiter-api\5.6.0\junit-jupiter-api-5.6.0.jar;C:\Users\Mylaptop\.m2\repository\org\apiguardian\apiguardian-api\1.1.0\apiguardian-api-1.1.0.jar;C:\Users\Mylaptop\.m2\repository\org\opentest4j\opentest4j\1.2.0\opentest4j-1.2.0.jar;C:\Users\Mylaptop\.m2\repository\org\junit\platform\junit-platform-commons\1.6.0\junit-platform-commons-1.6.0.jar;C:\Users\Mylaptop\.m2\repository\org\junit\jupiter\junit-jupiter-params\5.6.0\junit-jupiter-params-5.6.0.jar;C:\Users\Mylaptop\.m2\repository\org\junit\jupiter\junit-jupiter-engine\5.6.0\junit-jupiter-engine-5.6.0.jar;C:\Users\Mylaptop\.m2\repository\org\junit\platform\junit-platform-engine\1.6.0\junit-platform-engine-1.6.0.jar;C:\Users\Mylaptop\.m2\repository\junit\junit\3.8.2\junit-3.8.2.jar;"/>
    <property name="sun.cpu.endian" value="little"/>
    <property name="user.home" value="C:\Users\Mylaptop"/>
    <property name="user.language" value="en"/>
    <property name="java.specification.vendor" value="Oracle Corporation"/>
    <property name="java.version.date" value="2019-04-16"/>
    <property name="java.home" value="C:\Program Files\Java\jdk-12.0.1"/>
    <property name="file.separator" value="\"/>
    <property name="basedir" value="C:\Users\Mylaptop\Documents\NetBeansProjects\OOP-ICA-ELEMENT2-STOCK-CONTORL-APP"/>
    <property name="java.vm.compressedOopsMode" value="Zero based"/>
    <property name="line.separator" value="&#10;"/>
    <property name="java.vm.specification.vendor" value="Oracle Corporation"/>
    <property name="java.specification.name" value="Java Platform API Specification"/>
    <property name="java.awt.graphicsenv" value="sun.awt.Win32GraphicsEnvironment"/>
    <property name="surefire.real.class.path" value="C:\Users\Mylaptop\AppData\Local\Temp\surefire691118141735263787\surefirebooter3510713061884490056.jar"/>
    <property name="user.script" value=""/>
    <property name="sun.management.compiler" value="HotSpot 64-Bit Tiered Compilers"/>
    <property name="java.runtime.version" value="12.0.1+12"/>
    <property name="user.name" value="Mylaptop"/>
    <property name="path.separator" value=";"/>
    <property name="os.version" value="10.0"/>
    <property name="java.runtime.name" value="Java(TM) SE Runtime Environment"/>
    <property name="file.encoding" value="UTF-8"/>
    <property name="java.vm.name" value="Java HotSpot(TM) 64-Bit Server VM"/>
    <property name="maven.ext.class.path" value="C:\Program Files\NetBeans-13\netbeans\java\maven-nblib\netbeans-eventspy.jar"/>
    <property name="localRepository" value="C:\Users\Mylaptop\.m2\repository"/>
    <property name="java.vendor.url.bug" value="https://bugreport.java.com/bugreport/"/>
    <property name="java.io.tmpdir" value="C:\Users\Mylaptop\AppData\Local\Temp\"/>
    <property name="java.version" value="12.0.1"/>
    <property name="user.dir" value="C:\Users\Mylaptop\Documents\NetBeansProjects\OOP-ICA-ELEMENT2-STOCK-CONTORL-APP"/>
    <property name="os.arch" value="amd64"/>
    <property name="java.vm.specification.name" value="Java Virtual Machine Specification"/>
    <property name="sun.os.patch.level" value=""/>
    <property name="java.library.path" value="C:\Program Files\Java\jdk-12.0.1\bin;C:\WINDOWS\Sun\Java\bin;C:\WINDOWS\system32;C:\WINDOWS;C:\Program Files\MongoDB\Server\4.0\bin;C:\Program Files\Java\jdk-12.0.1\bin;C:\WINDOWS\system32;C:\WINDOWS;C:\WINDOWS\System32\Wbem;C:\WINDOWS\System32\WindowsPowerShell\v1.0\;C:\WINDOWS\System32\OpenSSH\;C:\MinGW\bin;C:\Users\Mylaptop\AppData\Local\Microsoft\WindowsApps;;C:\Users\Mylaptop\AppData\Local\Programs\Microsoft VS Code\bin;C:\Users\Mylaptop\AppData\Roaming\npm;."/>
    <property name="java.vm.info" value="mixed mode, sharing"/>
    <property name="java.vendor" value="Oracle Corporation"/>
    <property name="java.vm.version" value="12.0.1+12"/>
    <property name="sun.io.unicode.encoding" value="UnicodeLittle"/>
    <property name="java.class.version" value="56.0"/>
  </properties>
  <testcase name="buyButtonsJFrame" classname="oop.ica.element2.stockcontrolapp.test.StockControlAppUnitTest" time="2.313"/>
  <testcase name="showStockControlApp" classname="oop.ica.element2.stockcontrolapp.test.StockControlAppUnitTest" time="2.073"/>
  <testcase name="doSellStockWithInValidQuantity" classname="oop.ica.element2.stockcontrolapp.test.StockControlAppUnitTest" time="4.965"/>
  <testcase name="buyJFrameWithValidData" classname="oop.ica.element2.stockcontrolapp.test.StockControlAppUnitTest" time="5.869"/>
  <testcase name="doClickBuyJFrameCancelButton" classname="oop.ica.element2.stockcontrolapp.test.StockControlAppUnitTest" time="2.122"/>
  <testcase name="doSellBtnClick" classname="oop.ica.element2.stockcontrolapp.test.StockControlAppUnitTest" time="2.023"/>
  <testcase name="doSellStockWithValidData" classname="oop.ica.element2.stockcontrolapp.test.StockControlAppUnitTest" time="5.228"/>
  <testcase name="doSellStockWithInValidData" classname="oop.ica.element2.stockcontrolapp.test.StockControlAppUnitTest" time="5.046"/>
  <testcase name="checkingBuyJFrameBuyButton" classname="oop.ica.element2.stockcontrolapp.test.StockControlAppUnitTest" time="2.027"/>
  <testcase name="buyJFrameWithInValidData" classname="oop.ica.element2.stockcontrolapp.test.StockControlAppUnitTest" time="3.19"/>
</testsuite>